This file contains any messages produced by compilers while
running configure, to aid debugging if configure makes a mistake.

It was created by xf86-video-neomagic configure 1.3.0, which was
generated by GNU Autoconf 2.69.  Invocation command line was

  $ ./configure --prefix=/usr

## --------- ##
## Platform. ##
## --------- ##

hostname = technitium
uname -m = i686
uname -r = 6.11.2-arch1-1.0
uname -s = Linux
uname -v = #1 SMP PREEMPT_DYNAMIC Sun, 06 Oct 2024 03:55:18 +0000

/usr/bin/uname -p = unknown
/bin/uname -X     = unknown

/bin/arch              = unknown
/usr/bin/arch -k       = unknown
/usr/convex/getsysinfo = unknown
/usr/bin/hostinfo      = unknown
/bin/machine           = unknown
/usr/bin/oslevel       = unknown
/bin/universe          = unknown

PATH: /usr/local/sbin
PATH: /usr/local/bin
PATH: /usr/bin
PATH: /usr/bin/site_perl
PATH: /usr/bin/vendor_perl
PATH: /usr/bin/core_perl


## ----------- ##
## Core tests. ##
## ----------- ##

configure:2388: checking for a BSD-compatible install
configure:2456: result: /usr/bin/install -c
configure:2467: checking whether build environment is sane
configure:2522: result: yes
configure:2673: checking for a thread-safe mkdir -p
configure:2712: result: /usr/bin/mkdir -p
configure:2719: checking for gawk
configure:2735: found /usr/bin/gawk
configure:2746: result: gawk
configure:2757: checking whether make sets $(MAKE)
configure:2779: result: yes
configure:2808: checking whether make supports nested variables
configure:2825: result: yes
configure:2976: checking for style of include used by make
configure:3004: result: GNU
configure:3075: checking for gcc
configure:3091: found /usr/bin/gcc
configure:3102: result: gcc
configure:3331: checking for C compiler version
configure:3340: gcc --version >&5
gcc (GCC) 14.1.1 20240507
Copyright (C) 2024 Free Software Foundation, Inc.
This is free software; see the source for copying conditions.  There is NO
warranty; not even for MERCHANTABILITY or FITNESS FOR A PARTICULAR PURPOSE.

configure:3351: $? = 0
configure:3340: gcc -v >&5
Using built-in specs.
COLLECT_GCC=gcc
COLLECT_LTO_WRAPPER=/usr/lib/gcc/i686-pc-linux-gnu/14.1.1/lto-wrapper
Target: i686-pc-linux-gnu
Configured with: /build/gcc/src/gcc/configure --enable-languages=ada,c,c++,d,fortran,go,lto,m2,objc,obj-c++,rust --enable-bootstrap --prefix=/usr --libdir=/usr/lib --libexecdir=/usr/lib --mandir=/usr/share/man --infodir=/usr/share/info --with-bugurl=https://gitlab.archlinux.org/archlinux/packaging/packages/gcc/-/issues --with-build-config=bootstrap-lto --with-linker-hash-style=gnu --with-system-zlib --enable-__cxa_atexit --disable-cet --enable-checking=release --enable-clocale=gnu --enable-default-pie --enable-default-ssp --enable-gnu-indirect-function --enable-gnu-unique-object --enable-libstdcxx-backtrace --enable-link-serialization=1 --enable-linker-build-id --enable-lto --enable-multilib --enable-plugin --enable-shared --enable-threads=posix --disable-libssp --disable-libstdcxx-pch --disable-werror --build=i686-pc-linux-gnu
Thread model: posix
Supported LTO compression algorithms: zlib zstd
gcc version 14.1.1 20240507 (GCC) 
configure:3351: $? = 0
configure:3340: gcc -V >&5
gcc: error: unrecognized command-line option '-V'
gcc: fatal error: no input files
compilation terminated.
configure:3351: $? = 1
configure:3340: gcc -qversion >&5
gcc: error: unrecognized command-line option '-qversion'; did you mean '--version'?
gcc: fatal error: no input files
compilation terminated.
configure:3351: $? = 1
configure:3371: checking whether the C compiler works
configure:3393: gcc    conftest.c  >&5
configure:3397: $? = 0
configure:3445: result: yes
configure:3448: checking for C compiler default output file name
configure:3450: result: a.out
configure:3456: checking for suffix of executables
configure:3463: gcc -o conftest    conftest.c  >&5
configure:3467: $? = 0
configure:3489: result: 
configure:3511: checking whether we are cross compiling
configure:3519: gcc -o conftest    conftest.c  >&5
configure:3523: $? = 0
configure:3530: ./conftest
configure:3534: $? = 0
configure:3549: result: no
configure:3554: checking for suffix of object files
configure:3576: gcc -c   conftest.c >&5
configure:3580: $? = 0
configure:3601: result: o
configure:3605: checking whether we are using the GNU C compiler
configure:3624: gcc -c   conftest.c >&5
configure:3624: $? = 0
configure:3633: result: yes
configure:3642: checking whether gcc accepts -g
configure:3662: gcc -c -g  conftest.c >&5
configure:3662: $? = 0
configure:3703: result: yes
configure:3720: checking for gcc option to accept ISO C89
configure:3783: gcc  -c -g -O2  conftest.c >&5
configure:3783: $? = 0
configure:3796: result: none needed
configure:3821: checking whether gcc understands -c and -o together
configure:3843: gcc -c conftest.c -o conftest2.o
configure:3846: $? = 0
configure:3843: gcc -c conftest.c -o conftest2.o
configure:3846: $? = 0
configure:3858: result: yes
configure:3877: checking dependency style of gcc
configure:3988: result: gcc3
configure:4003: checking for gcc option to accept ISO C99
configure:4152: gcc  -c -g -O2  conftest.c >&5
configure:4152: $? = 0
configure:4165: result: none needed
configure:4186: checking how to run the C preprocessor
configure:4217: gcc -E  conftest.c
configure:4217: $? = 0
configure:4231: gcc -E  conftest.c
conftest.c:11:10: fatal error: ac_nonexistent.h: No such file or directory
   11 | #include <ac_nonexistent.h>
      |          ^~~~~~~~~~~~~~~~~~
compilation terminated.
configure:4231: $? = 1
configure: failed program was:
| /* confdefs.h */
| #define PACKAGE_NAME "xf86-video-neomagic"
| #define PACKAGE_TARNAME "xf86-video-neomagic"
| #define PACKAGE_VERSION "1.3.0"
| #define PACKAGE_STRING "xf86-video-neomagic 1.3.0"
| #define PACKAGE_BUGREPORT "https://gitlab.freedesktop.org/xorg/driver/xf86-video-neomagic/issues"
| #define PACKAGE_URL ""
| #define PACKAGE "xf86-video-neomagic"
| #define VERSION "1.3.0"
| /* end confdefs.h.  */
| #include <ac_nonexistent.h>
configure:4256: result: gcc -E
configure:4276: gcc -E  conftest.c
configure:4276: $? = 0
configure:4290: gcc -E  conftest.c
conftest.c:11:10: fatal error: ac_nonexistent.h: No such file or directory
   11 | #include <ac_nonexistent.h>
      |          ^~~~~~~~~~~~~~~~~~
compilation terminated.
configure:4290: $? = 1
configure: failed program was:
| /* confdefs.h */
| #define PACKAGE_NAME "xf86-video-neomagic"
| #define PACKAGE_TARNAME "xf86-video-neomagic"
| #define PACKAGE_VERSION "1.3.0"
| #define PACKAGE_STRING "xf86-video-neomagic 1.3.0"
| #define PACKAGE_BUGREPORT "https://gitlab.freedesktop.org/xorg/driver/xf86-video-neomagic/issues"
| #define PACKAGE_URL ""
| #define PACKAGE "xf86-video-neomagic"
| #define VERSION "1.3.0"
| /* end confdefs.h.  */
| #include <ac_nonexistent.h>
configure:4319: checking for grep that handles long lines and -e
configure:4377: result: /usr/bin/grep
configure:4382: checking for egrep
configure:4444: result: /usr/bin/grep -E
configure:4449: checking for ANSI C header files
configure:4469: gcc -c -g -O2  conftest.c >&5
configure:4469: $? = 0
configure:4542: gcc -o conftest -g -O2   conftest.c  >&5
configure:4542: $? = 0
configure:4542: ./conftest
configure:4542: $? = 0
configure:4553: result: yes
configure:4566: checking for sys/types.h
configure:4566: gcc -c -g -O2  conftest.c >&5
configure:4566: $? = 0
configure:4566: result: yes
configure:4566: checking for sys/stat.h
configure:4566: gcc -c -g -O2  conftest.c >&5
configure:4566: $? = 0
configure:4566: result: yes
configure:4566: checking for stdlib.h
configure:4566: gcc -c -g -O2  conftest.c >&5
configure:4566: $? = 0
configure:4566: result: yes
configure:4566: checking for string.h
configure:4566: gcc -c -g -O2  conftest.c >&5
configure:4566: $? = 0
configure:4566: result: yes
configure:4566: checking for memory.h
configure:4566: gcc -c -g -O2  conftest.c >&5
configure:4566: $? = 0
configure:4566: result: yes
configure:4566: checking for strings.h
configure:4566: gcc -c -g -O2  conftest.c >&5
configure:4566: $? = 0
configure:4566: result: yes
configure:4566: checking for inttypes.h
configure:4566: gcc -c -g -O2  conftest.c >&5
configure:4566: $? = 0
configure:4566: result: yes
configure:4566: checking for stdint.h
configure:4566: gcc -c -g -O2  conftest.c >&5
configure:4566: $? = 0
configure:4566: result: yes
configure:4566: checking for unistd.h
configure:4566: gcc -c -g -O2  conftest.c >&5
configure:4566: $? = 0
configure:4566: result: yes
configure:4582: checking whether __clang__ is declared
configure:4582: gcc -c -g -O2  conftest.c >&5
conftest.c: In function 'main':
conftest.c:61:10: error: '__clang__' undeclared (first use in this function)
   61 |   (void) __clang__;
      |          ^~~~~~~~~
conftest.c:61:10: note: each undeclared identifier is reported only once for each function it appears in
configure:4582: $? = 1
configure: failed program was:
| /* confdefs.h */
| #define PACKAGE_NAME "xf86-video-neomagic"
| #define PACKAGE_TARNAME "xf86-video-neomagic"
| #define PACKAGE_VERSION "1.3.0"
| #define PACKAGE_STRING "xf86-video-neomagic 1.3.0"
| #define PACKAGE_BUGREPORT "https://gitlab.freedesktop.org/xorg/driver/xf86-video-neomagic/issues"
| #define PACKAGE_URL ""
| #define PACKAGE "xf86-video-neomagic"
| #define VERSION "1.3.0"
| #define STDC_HEADERS 1
| #define HAVE_SYS_TYPES_H 1
| #define HAVE_SYS_STAT_H 1
| #define HAVE_STDLIB_H 1
| #define HAVE_STRING_H 1
| #define HAVE_MEMORY_H 1
| #define HAVE_STRINGS_H 1
| #define HAVE_INTTYPES_H 1
| #define HAVE_STDINT_H 1
| #define HAVE_UNISTD_H 1
| /* end confdefs.h.  */
| #include <stdio.h>
| #ifdef HAVE_SYS_TYPES_H
| # include <sys/types.h>
| #endif
| #ifdef HAVE_SYS_STAT_H
| # include <sys/stat.h>
| #endif
| #ifdef STDC_HEADERS
| # include <stdlib.h>
| # include <stddef.h>
| #else
| # ifdef HAVE_STDLIB_H
| #  include <stdlib.h>
| # endif
| #endif
| #ifdef HAVE_STRING_H
| # if !defined STDC_HEADERS && defined HAVE_MEMORY_H
| #  include <memory.h>
| # endif
| # include <string.h>
| #endif
| #ifdef HAVE_STRINGS_H
| # include <strings.h>
| #endif
| #ifdef HAVE_INTTYPES_H
| # include <inttypes.h>
| #endif
| #ifdef HAVE_STDINT_H
| # include <stdint.h>
| #endif
| #ifdef HAVE_UNISTD_H
| # include <unistd.h>
| #endif
| int
| main ()
| {
| #ifndef __clang__
| #ifdef __cplusplus
|   (void) __clang__;
| #else
|   (void) __clang__;
| #endif
| #endif
| 
|   ;
|   return 0;
| }
configure:4582: result: no
configure:4589: checking whether __INTEL_COMPILER is declared
configure:4589: gcc -c -g -O2  conftest.c >&5
conftest.c: In function 'main':
conftest.c:61:10: error: '__INTEL_COMPILER' undeclared (first use in this function)
   61 |   (void) __INTEL_COMPILER;
      |          ^~~~~~~~~~~~~~~~
conftest.c:61:10: note: each undeclared identifier is reported only once for each function it appears in
configure:4589: $? = 1
configure: failed program was:
| /* confdefs.h */
| #define PACKAGE_NAME "xf86-video-neomagic"
| #define PACKAGE_TARNAME "xf86-video-neomagic"
| #define PACKAGE_VERSION "1.3.0"
| #define PACKAGE_STRING "xf86-video-neomagic 1.3.0"
| #define PACKAGE_BUGREPORT "https://gitlab.freedesktop.org/xorg/driver/xf86-video-neomagic/issues"
| #define PACKAGE_URL ""
| #define PACKAGE "xf86-video-neomagic"
| #define VERSION "1.3.0"
| #define STDC_HEADERS 1
| #define HAVE_SYS_TYPES_H 1
| #define HAVE_SYS_STAT_H 1
| #define HAVE_STDLIB_H 1
| #define HAVE_STRING_H 1
| #define HAVE_MEMORY_H 1
| #define HAVE_STRINGS_H 1
| #define HAVE_INTTYPES_H 1
| #define HAVE_STDINT_H 1
| #define HAVE_UNISTD_H 1
| /* end confdefs.h.  */
| #include <stdio.h>
| #ifdef HAVE_SYS_TYPES_H
| # include <sys/types.h>
| #endif
| #ifdef HAVE_SYS_STAT_H
| # include <sys/stat.h>
| #endif
| #ifdef STDC_HEADERS
| # include <stdlib.h>
| # include <stddef.h>
| #else
| # ifdef HAVE_STDLIB_H
| #  include <stdlib.h>
| # endif
| #endif
| #ifdef HAVE_STRING_H
| # if !defined STDC_HEADERS && defined HAVE_MEMORY_H
| #  include <memory.h>
| # endif
| # include <string.h>
| #endif
| #ifdef HAVE_STRINGS_H
| # include <strings.h>
| #endif
| #ifdef HAVE_INTTYPES_H
| # include <inttypes.h>
| #endif
| #ifdef HAVE_STDINT_H
| # include <stdint.h>
| #endif
| #ifdef HAVE_UNISTD_H
| # include <unistd.h>
| #endif
| int
| main ()
| {
| #ifndef __INTEL_COMPILER
| #ifdef __cplusplus
|   (void) __INTEL_COMPILER;
| #else
|   (void) __INTEL_COMPILER;
| #endif
| #endif
| 
|   ;
|   return 0;
| }
configure:4589: result: no
configure:4596: checking whether __SUNPRO_C is declared
configure:4596: gcc -c -g -O2  conftest.c >&5
conftest.c: In function 'main':
conftest.c:61:10: error: '__SUNPRO_C' undeclared (first use in this function)
   61 |   (void) __SUNPRO_C;
      |          ^~~~~~~~~~
conftest.c:61:10: note: each undeclared identifier is reported only once for each function it appears in
configure:4596: $? = 1
configure: failed program was:
| /* confdefs.h */
| #define PACKAGE_NAME "xf86-video-neomagic"
| #define PACKAGE_TARNAME "xf86-video-neomagic"
| #define PACKAGE_VERSION "1.3.0"
| #define PACKAGE_STRING "xf86-video-neomagic 1.3.0"
| #define PACKAGE_BUGREPORT "https://gitlab.freedesktop.org/xorg/driver/xf86-video-neomagic/issues"
| #define PACKAGE_URL ""
| #define PACKAGE "xf86-video-neomagic"
| #define VERSION "1.3.0"
| #define STDC_HEADERS 1
| #define HAVE_SYS_TYPES_H 1
| #define HAVE_SYS_STAT_H 1
| #define HAVE_STDLIB_H 1
| #define HAVE_STRING_H 1
| #define HAVE_MEMORY_H 1
| #define HAVE_STRINGS_H 1
| #define HAVE_INTTYPES_H 1
| #define HAVE_STDINT_H 1
| #define HAVE_UNISTD_H 1
| /* end confdefs.h.  */
| #include <stdio.h>
| #ifdef HAVE_SYS_TYPES_H
| # include <sys/types.h>
| #endif
| #ifdef HAVE_SYS_STAT_H
| # include <sys/stat.h>
| #endif
| #ifdef STDC_HEADERS
| # include <stdlib.h>
| # include <stddef.h>
| #else
| # ifdef HAVE_STDLIB_H
| #  include <stdlib.h>
| # endif
| #endif
| #ifdef HAVE_STRING_H
| # if !defined STDC_HEADERS && defined HAVE_MEMORY_H
| #  include <memory.h>
| # endif
| # include <string.h>
| #endif
| #ifdef HAVE_STRINGS_H
| # include <strings.h>
| #endif
| #ifdef HAVE_INTTYPES_H
| # include <inttypes.h>
| #endif
| #ifdef HAVE_STDINT_H
| # include <stdint.h>
| #endif
| #ifdef HAVE_UNISTD_H
| # include <unistd.h>
| #endif
| int
| main ()
| {
| #ifndef __SUNPRO_C
| #ifdef __cplusplus
|   (void) __SUNPRO_C;
| #else
|   (void) __SUNPRO_C;
| #endif
| #endif
| 
|   ;
|   return 0;
| }
configure:4596: result: no
configure:4658: checking for pkg-config
configure:4676: found /usr/bin/pkg-config
configure:4688: result: /usr/bin/pkg-config
configure:4713: checking pkg-config is at least version 0.9.0
configure:4716: result: yes
configure:4728: checking build system type
configure:4742: result: i686-pc-linux-gnu
configure:4762: checking host system type
configure:4775: result: i686-pc-linux-gnu
configure:4795: checking for a sed that does not truncate output
configure:4859: result: /usr/bin/sed
configure:4905: checking if gcc supports -Werror=unknown-warning-option
configure:4914: gcc -c -g -O2 -Werror=unknown-warning-option  conftest.c >&5
cc1: error: '-Werror=unknown-warning-option': no option '-Wunknown-warning-option'
configure:4914: $? = 1
configure: failed program was:
| /* confdefs.h */
| #define PACKAGE_NAME "xf86-video-neomagic"
| #define PACKAGE_TARNAME "xf86-video-neomagic"
| #define PACKAGE_VERSION "1.3.0"
| #define PACKAGE_STRING "xf86-video-neomagic 1.3.0"
| #define PACKAGE_BUGREPORT "https://gitlab.freedesktop.org/xorg/driver/xf86-video-neomagic/issues"
| #define PACKAGE_URL ""
| #define PACKAGE "xf86-video-neomagic"
| #define VERSION "1.3.0"
| #define STDC_HEADERS 1
| #define HAVE_SYS_TYPES_H 1
| #define HAVE_SYS_STAT_H 1
| #define HAVE_STDLIB_H 1
| #define HAVE_STRING_H 1
| #define HAVE_MEMORY_H 1
| #define HAVE_STRINGS_H 1
| #define HAVE_INTTYPES_H 1
| #define HAVE_STDINT_H 1
| #define HAVE_UNISTD_H 1
| /* end confdefs.h.  */
| int i;
configure:4921: result: no
configure:4932: checking if gcc supports -Werror=unused-command-line-argument
configure:4941: gcc -c -g -O2 -Werror=unused-command-line-argument  conftest.c >&5
cc1: error: '-Werror=unused-command-line-argument': no option '-Wunused-command-line-argument'; did you mean '-Wunused-dummy-argument'?
configure:4941: $? = 1
configure: failed program was:
| /* confdefs.h */
| #define PACKAGE_NAME "xf86-video-neomagic"
| #define PACKAGE_TARNAME "xf86-video-neomagic"
| #define PACKAGE_VERSION "1.3.0"
| #define PACKAGE_STRING "xf86-video-neomagic 1.3.0"
| #define PACKAGE_BUGREPORT "https://gitlab.freedesktop.org/xorg/driver/xf86-video-neomagic/issues"
| #define PACKAGE_URL ""
| #define PACKAGE "xf86-video-neomagic"
| #define VERSION "1.3.0"
| #define STDC_HEADERS 1
| #define HAVE_SYS_TYPES_H 1
| #define HAVE_SYS_STAT_H 1
| #define HAVE_STDLIB_H 1
| #define HAVE_STRING_H 1
| #define HAVE_MEMORY_H 1
| #define HAVE_STRINGS_H 1
| #define HAVE_INTTYPES_H 1
| #define HAVE_STDINT_H 1
| #define HAVE_UNISTD_H 1
| /* end confdefs.h.  */
| int i;
configure:4948: result: no
configure:4967: checking if gcc supports -Wall
configure:4984: gcc -o conftest -g -O2 -Wall   conftest.c  >&5
configure:4984: $? = 0
configure:4997: result: yes
configure:5085: checking if gcc supports -Wpointer-arith
configure:5102: gcc -o conftest -g -O2 -Wpointer-arith   conftest.c  >&5
configure:5102: $? = 0
configure:5115: result: yes
configure:5203: checking if gcc supports -Wmissing-declarations
configure:5220: gcc -o conftest -g -O2 -Wmissing-declarations   conftest.c  >&5
configure:5220: $? = 0
configure:5233: result: yes
configure:5321: checking if gcc supports -Wformat=2
configure:5338: gcc -o conftest -g -O2 -Wformat=2   conftest.c  >&5
configure:5338: $? = 0
configure:5351: result: yes
configure:5490: checking if gcc supports -Wstrict-prototypes
configure:5507: gcc -o conftest -g -O2 -Wstrict-prototypes   conftest.c  >&5
conftest.c:23:1: warning: function declaration isn't a prototype [-Wstrict-prototypes]
   23 | main ()
      | ^~~~
configure:5507: $? = 0
configure:5520: result: yes
configure:5608: checking if gcc supports -Wmissing-prototypes
configure:5625: gcc -o conftest -g -O2 -Wmissing-prototypes   conftest.c  >&5
configure:5625: $? = 0
configure:5638: result: yes
configure:5726: checking if gcc supports -Wnested-externs
configure:5743: gcc -o conftest -g -O2 -Wnested-externs   conftest.c  >&5
configure:5743: $? = 0
configure:5756: result: yes
configure:5844: checking if gcc supports -Wbad-function-cast
configure:5861: gcc -o conftest -g -O2 -Wbad-function-cast   conftest.c  >&5
configure:5861: $? = 0
configure:5874: result: yes
configure:5962: checking if gcc supports -Wold-style-definition
configure:5979: gcc -o conftest -g -O2 -Wold-style-definition   conftest.c  >&5
conftest.c: In function 'main':
conftest.c:23:1: warning: old-style function definition [-Wold-style-definition]
   23 | main ()
      | ^~~~
configure:5979: $? = 0
configure:5992: result: yes
configure:6129: checking if gcc supports -Wdeclaration-after-statement
configure:6146: gcc -o conftest -g -O2 -Wdeclaration-after-statement   conftest.c  >&5
configure:6146: $? = 0
configure:6159: result: yes
configure:6251: checking if gcc supports -Wunused
configure:6268: gcc -o conftest -g -O2 -Wunused   conftest.c  >&5
configure:6268: $? = 0
configure:6281: result: yes
configure:6369: checking if gcc supports -Wuninitialized
configure:6386: gcc -o conftest -g -O2 -Wuninitialized   conftest.c  >&5
configure:6386: $? = 0
configure:6399: result: yes
configure:6487: checking if gcc supports -Wshadow
configure:6504: gcc -o conftest -g -O2 -Wshadow   conftest.c  >&5
configure:6504: $? = 0
configure:6517: result: yes
configure:6605: checking if gcc supports -Wmissing-noreturn
configure:6622: gcc -o conftest -g -O2 -Wmissing-noreturn   conftest.c  >&5
configure:6622: $? = 0
configure:6635: result: yes
configure:6723: checking if gcc supports -Wmissing-format-attribute
configure:6740: gcc -o conftest -g -O2 -Wmissing-format-attribute   conftest.c  >&5
configure:6740: $? = 0
configure:6753: result: yes
configure:6841: checking if gcc supports -Wredundant-decls
configure:6858: gcc -o conftest -g -O2 -Wredundant-decls   conftest.c  >&5
configure:6858: $? = 0
configure:6871: result: yes
configure:6959: checking if gcc supports -Wlogical-op
configure:6976: gcc -o conftest -g -O2 -Wlogical-op   conftest.c  >&5
configure:6976: $? = 0
configure:6989: result: yes
configure:7089: checking if gcc supports -Werror=implicit
configure:7106: gcc -o conftest -g -O2 -Werror=implicit   conftest.c  >&5
configure:7106: $? = 0
configure:7119: result: yes
configure:7256: checking if gcc supports -Werror=nonnull
configure:7273: gcc -o conftest -g -O2 -Werror=nonnull   conftest.c  >&5
configure:7273: $? = 0
configure:7286: result: yes
configure:7374: checking if gcc supports -Werror=init-self
configure:7391: gcc -o conftest -g -O2 -Werror=init-self   conftest.c  >&5
configure:7391: $? = 0
configure:7404: result: yes
configure:7492: checking if gcc supports -Werror=main
configure:7509: gcc -o conftest -g -O2 -Werror=main   conftest.c  >&5
configure:7509: $? = 0
configure:7522: result: yes
configure:7610: checking if gcc supports -Werror=missing-braces
configure:7627: gcc -o conftest -g -O2 -Werror=missing-braces   conftest.c  >&5
configure:7627: $? = 0
configure:7640: result: yes
configure:7728: checking if gcc supports -Werror=sequence-point
configure:7745: gcc -o conftest -g -O2 -Werror=sequence-point   conftest.c  >&5
configure:7745: $? = 0
configure:7758: result: yes
configure:7846: checking if gcc supports -Werror=return-type
configure:7863: gcc -o conftest -g -O2 -Werror=return-type   conftest.c  >&5
configure:7863: $? = 0
configure:7876: result: yes
configure:8013: checking if gcc supports -Werror=trigraphs
configure:8030: gcc -o conftest -g -O2 -Werror=trigraphs   conftest.c  >&5
configure:8030: $? = 0
configure:8043: result: yes
configure:8131: checking if gcc supports -Werror=array-bounds
configure:8148: gcc -o conftest -g -O2 -Werror=array-bounds   conftest.c  >&5
configure:8148: $? = 0
configure:8161: result: yes
configure:8249: checking if gcc supports -Werror=write-strings
configure:8266: gcc -o conftest -g -O2 -Werror=write-strings   conftest.c  >&5
configure:8266: $? = 0
configure:8279: result: yes
configure:8367: checking if gcc supports -Werror=address
configure:8384: gcc -o conftest -g -O2 -Werror=address   conftest.c  >&5
configure:8384: $? = 0
configure:8397: result: yes
configure:8485: checking if gcc supports -Werror=int-to-pointer-cast
configure:8502: gcc -o conftest -g -O2 -Werror=int-to-pointer-cast   conftest.c  >&5
configure:8502: $? = 0
configure:8515: result: yes
configure:8652: checking if gcc supports -Werror=pointer-to-int-cast
configure:8669: gcc -o conftest -g -O2 -Werror=pointer-to-int-cast   conftest.c  >&5
configure:8669: $? = 0
configure:8682: result: yes
configure:10340: checking if gcc supports -pedantic
configure:10357: gcc -o conftest -g -O2 -pedantic   conftest.c  >&5
configure:10357: $? = 0
configure:10370: result: yes
configure:10458: checking if gcc supports -Werror
configure:10475: gcc -o conftest -g -O2 -Werror   conftest.c  >&5
configure:10475: $? = 0
configure:10488: result: yes
configure:10628: checking if gcc supports -Werror=attributes
configure:10645: gcc -o conftest -g -O2 -Werror=attributes   conftest.c  >&5
configure:10645: $? = 0
configure:10658: result: yes
configure:10818: checking whether make supports nested variables
configure:10835: result: yes
configure:10926: checking how to print strings
configure:10953: result: printf
configure:10974: checking for a sed that does not truncate output
configure:11038: result: /usr/bin/sed
configure:11056: checking for fgrep
configure:11118: result: /usr/bin/grep -F
configure:11153: checking for ld used by gcc
configure:11220: result: /usr/bin/ld
configure:11227: checking if the linker (/usr/bin/ld) is GNU ld
configure:11242: result: yes
configure:11254: checking for BSD- or MS-compatible name lister (nm)
configure:11308: result: /usr/bin/nm -B
configure:11438: checking the name lister (/usr/bin/nm -B) interface
configure:11445: gcc -c -g -O2  conftest.c >&5
configure:11448: /usr/bin/nm -B "conftest.o"
configure:11451: output
00000000 B some_variable
configure:11458: result: BSD nm
configure:11461: checking whether ln -s works
configure:11465: result: yes
configure:11473: checking the maximum length of command line arguments
configure:11604: result: 1572864
configure:11652: checking how to convert i686-pc-linux-gnu file names to i686-pc-linux-gnu format
configure:11692: result: func_convert_file_noop
configure:11699: checking how to convert i686-pc-linux-gnu file names to toolchain format
configure:11719: result: func_convert_file_noop
configure:11726: checking for /usr/bin/ld option to reload object files
configure:11733: result: -r
configure:11807: checking for objdump
configure:11823: found /usr/bin/objdump
configure:11834: result: objdump
configure:11866: checking how to recognize dependent libraries
configure:12066: result: pass_all
configure:12151: checking for dlltool
configure:12181: result: no
configure:12211: checking how to associate runtime and link libraries
configure:12238: result: printf %s\n
configure:12298: checking for ar
configure:12314: found /usr/bin/ar
configure:12325: result: ar
configure:12362: checking for archiver @FILE support
configure:12379: gcc -c -g -O2  conftest.c >&5
configure:12379: $? = 0
configure:12382: ar cru libconftest.a @conftest.lst >&5
ar: `u' modifier ignored since `D' is the default (see `U')
configure:12385: $? = 0
configure:12390: ar cru libconftest.a @conftest.lst >&5
ar: `u' modifier ignored since `D' is the default (see `U')
ar: conftest.o: No such file or directory
configure:12393: $? = 1
configure:12405: result: @
configure:12463: checking for strip
configure:12479: found /usr/bin/strip
configure:12490: result: strip
configure:12562: checking for ranlib
configure:12578: found /usr/bin/ranlib
configure:12589: result: ranlib
configure:12691: checking command to parse /usr/bin/nm -B output from gcc object
configure:12844: gcc -c -g -O2  conftest.c >&5
configure:12847: $? = 0
configure:12851: /usr/bin/nm -B conftest.o \| sed -n -e 's/^.*[ ]\([ABCDGIRSTW][ABCDGIRSTW]*\)[ ][ ]*\([_A-Za-z][_A-Za-z0-9]*\)$/\1 \2 \2/p' | sed '/ __gnu_lto/d' \> conftest.nm
configure:12854: $? = 0
configure:12920: gcc -o conftest -g -O2   conftest.c conftstm.o >&5
configure:12923: $? = 0
configure:12961: result: ok
configure:13008: checking for sysroot
configure:13038: result: no
configure:13045: checking for a working dd
configure:13083: result: /usr/bin/dd
configure:13087: checking how to truncate binary pipes
configure:13102: result: /usr/bin/dd bs=4096 count=1
configure:13431: checking for mt
configure:13461: result: no
configure:13481: checking if : is a manifest tool
configure:13487: : '-?'
configure:13495: result: no
configure:14169: checking for dlfcn.h
configure:14169: gcc -c -g -O2  conftest.c >&5
configure:14169: $? = 0
configure:14169: result: yes
configure:14395: checking for objdir
configure:14410: result: .libs
configure:14670: checking if gcc supports -fno-rtti -fno-exceptions
configure:14688: gcc -c -g -O2  -fno-rtti -fno-exceptions conftest.c >&5
cc1: warning: command-line option '-fno-rtti' is valid for C++/D/ObjC++ but not for C
configure:14692: $? = 0
configure:14705: result: no
configure:15063: checking for gcc option to produce PIC
configure:15070: result: -fPIC -DPIC
configure:15078: checking if gcc PIC flag -fPIC -DPIC works
configure:15096: gcc -c -g -O2  -fPIC -DPIC -DPIC conftest.c >&5
configure:15100: $? = 0
configure:15113: result: yes
configure:15142: checking if gcc static flag -static works
configure:15170: result: yes
configure:15185: checking if gcc supports -c -o file.o
configure:15206: gcc -c -g -O2  -o out/conftest2.o conftest.c >&5
configure:15210: $? = 0
configure:15232: result: yes
configure:15240: checking if gcc supports -c -o file.o
configure:15287: result: yes
configure:15320: checking whether the gcc linker (/usr/bin/ld) supports shared libraries
configure:16583: result: yes
configure:16620: checking whether -lc should be explicitly linked in
configure:16628: gcc -c -g -O2  conftest.c >&5
configure:16631: $? = 0
configure:16646: gcc -shared  -fPIC -DPIC conftest.o  -v -Wl,-soname -Wl,conftest -o conftest 2\>\&1 \| /usr/bin/grep  -lc  \>/dev/null 2\>\&1
configure:16649: $? = 0
configure:16663: result: no
configure:16823: checking dynamic linker characteristics
configure:17404: gcc -o conftest -g -O2   -Wl,-rpath -Wl,/foo conftest.c  >&5
configure:17404: $? = 0
configure:17653: result: GNU/Linux ld.so
configure:17775: checking how to hardcode library paths into programs
configure:17800: result: immediate
configure:18348: checking whether stripping libraries is possible
configure:18353: result: yes
configure:18388: checking if libtool supports shared libraries
configure:18390: result: yes
configure:18393: checking whether to build shared libraries
configure:18418: result: yes
configure:18421: checking whether to build static libraries
configure:18425: result: no
configure:18478: checking for XORG
configure:18485: $PKG_CONFIG --exists --print-errors "xorg-server >= 1.0.99.901 xproto fontsproto $REQUIRED_MODULES"
configure:18488: $? = 0
configure:18502: $PKG_CONFIG --exists --print-errors "xorg-server >= 1.0.99.901 xproto fontsproto $REQUIRED_MODULES"
configure:18505: $? = 0
configure:18563: result: yes
configure:18570: checking whether xf86ConfigIsaEntity is declared
configure:18570: gcc -c -I/usr/include/xorg -fvisibility=hidden -I/usr/include/pixman-1   conftest.c >&5
conftest.c: In function 'main':
conftest.c:35:10: error: 'xf86ConfigIsaEntity' undeclared (first use in this function); did you mean 'xf86ConfigFbEntity'?
   35 |   (void) xf86ConfigIsaEntity;
      |          ^~~~~~~~~~~~~~~~~~~
      |          xf86ConfigFbEntity
conftest.c:35:10: note: each undeclared identifier is reported only once for each function it appears in
configure:18570: $? = 1
configure: failed program was:
| /* confdefs.h */
| #define PACKAGE_NAME "xf86-video-neomagic"
| #define PACKAGE_TARNAME "xf86-video-neomagic"
| #define PACKAGE_VERSION "1.3.0"
| #define PACKAGE_STRING "xf86-video-neomagic 1.3.0"
| #define PACKAGE_BUGREPORT "https://gitlab.freedesktop.org/xorg/driver/xf86-video-neomagic/issues"
| #define PACKAGE_URL ""
| #define PACKAGE "xf86-video-neomagic"
| #define VERSION "1.3.0"
| #define STDC_HEADERS 1
| #define HAVE_SYS_TYPES_H 1
| #define HAVE_SYS_STAT_H 1
| #define HAVE_STDLIB_H 1
| #define HAVE_STRING_H 1
| #define HAVE_MEMORY_H 1
| #define HAVE_STRINGS_H 1
| #define HAVE_INTTYPES_H 1
| #define HAVE_STDINT_H 1
| #define HAVE_UNISTD_H 1
| #define PACKAGE_VERSION_MAJOR 1
| #define PACKAGE_VERSION_MINOR 3
| #define PACKAGE_VERSION_PATCHLEVEL 0
| #define HAVE_DLFCN_H 1
| #define LT_OBJDIR ".libs/"
| /* end confdefs.h.  */
| #include "xf86.h"
| 
| int
| main ()
| {
| #ifndef xf86ConfigIsaEntity
| #ifdef __cplusplus
|   (void) xf86ConfigIsaEntity;
| #else
|   (void) xf86ConfigIsaEntity;
| #endif
| #endif
| 
|   ;
|   return 0;
| }
configure:18570: result: no
configure:18583: checking whether XSERVER_LIBPCIACCESS is declared
configure:18583: gcc -c -g -O2  -I/usr/include/xorg -fvisibility=hidden -I/usr/include/pixman-1  conftest.c >&5
configure:18583: $? = 0
configure:18583: result: yes
configure:18607: checking xaa.h usability
configure:18607: gcc -c -I/usr/include/xorg -fvisibility=hidden -I/usr/include/pixman-1  -I/usr/include/xorg -fvisibility=hidden -I/usr/include/pixman-1  conftest.c >&5
conftest.c:59:10: fatal error: xaa.h: No such file or directory
   59 | #include <xaa.h>
      |          ^~~~~~~
compilation terminated.
configure:18607: $? = 1
configure: failed program was:
| /* confdefs.h */
| #define PACKAGE_NAME "xf86-video-neomagic"
| #define PACKAGE_TARNAME "xf86-video-neomagic"
| #define PACKAGE_VERSION "1.3.0"
| #define PACKAGE_STRING "xf86-video-neomagic 1.3.0"
| #define PACKAGE_BUGREPORT "https://gitlab.freedesktop.org/xorg/driver/xf86-video-neomagic/issues"
| #define PACKAGE_URL ""
| #define PACKAGE "xf86-video-neomagic"
| #define VERSION "1.3.0"
| #define STDC_HEADERS 1
| #define HAVE_SYS_TYPES_H 1
| #define HAVE_SYS_STAT_H 1
| #define HAVE_STDLIB_H 1
| #define HAVE_STRING_H 1
| #define HAVE_MEMORY_H 1
| #define HAVE_STRINGS_H 1
| #define HAVE_INTTYPES_H 1
| #define HAVE_STDINT_H 1
| #define HAVE_UNISTD_H 1
| #define PACKAGE_VERSION_MAJOR 1
| #define PACKAGE_VERSION_MINOR 3
| #define PACKAGE_VERSION_PATCHLEVEL 0
| #define HAVE_DLFCN_H 1
| #define LT_OBJDIR ".libs/"
| /* end confdefs.h.  */
| #include <stdio.h>
| #ifdef HAVE_SYS_TYPES_H
| # include <sys/types.h>
| #endif
| #ifdef HAVE_SYS_STAT_H
| # include <sys/stat.h>
| #endif
| #ifdef STDC_HEADERS
| # include <stdlib.h>
| # include <stddef.h>
| #else
| # ifdef HAVE_STDLIB_H
| #  include <stdlib.h>
| # endif
| #endif
| #ifdef HAVE_STRING_H
| # if !defined STDC_HEADERS && defined HAVE_MEMORY_H
| #  include <memory.h>
| # endif
| # include <string.h>
| #endif
| #ifdef HAVE_STRINGS_H
| # include <strings.h>
| #endif
| #ifdef HAVE_INTTYPES_H
| # include <inttypes.h>
| #endif
| #ifdef HAVE_STDINT_H
| # include <stdint.h>
| #endif
| #ifdef HAVE_UNISTD_H
| # include <unistd.h>
| #endif
| #include <xaa.h>
configure:18607: result: no
configure:18607: checking xaa.h presence
configure:18607: gcc -E -I/usr/include/xorg -fvisibility=hidden -I/usr/include/pixman-1  conftest.c
conftest.c:26:10: fatal error: xaa.h: No such file or directory
   26 | #include <xaa.h>
      |          ^~~~~~~
compilation terminated.
configure:18607: $? = 1
configure: failed program was:
| /* confdefs.h */
| #define PACKAGE_NAME "xf86-video-neomagic"
| #define PACKAGE_TARNAME "xf86-video-neomagic"
| #define PACKAGE_VERSION "1.3.0"
| #define PACKAGE_STRING "xf86-video-neomagic 1.3.0"
| #define PACKAGE_BUGREPORT "https://gitlab.freedesktop.org/xorg/driver/xf86-video-neomagic/issues"
| #define PACKAGE_URL ""
| #define PACKAGE "xf86-video-neomagic"
| #define VERSION "1.3.0"
| #define STDC_HEADERS 1
| #define HAVE_SYS_TYPES_H 1
| #define HAVE_SYS_STAT_H 1
| #define HAVE_STDLIB_H 1
| #define HAVE_STRING_H 1
| #define HAVE_MEMORY_H 1
| #define HAVE_STRINGS_H 1
| #define HAVE_INTTYPES_H 1
| #define HAVE_STDINT_H 1
| #define HAVE_UNISTD_H 1
| #define PACKAGE_VERSION_MAJOR 1
| #define PACKAGE_VERSION_MINOR 3
| #define PACKAGE_VERSION_PATCHLEVEL 0
| #define HAVE_DLFCN_H 1
| #define LT_OBJDIR ".libs/"
| /* end confdefs.h.  */
| #include <xaa.h>
configure:18607: result: no
configure:18607: checking for xaa.h
configure:18607: result: no
configure:18622: checking whether to include XAA support
configure:18632: result: no
configure:18638: checking for PCIACCESS
configure:18645: $PKG_CONFIG --exists --print-errors "pciaccess >= 0.8.0"
configure:18648: $? = 0
configure:18662: $PKG_CONFIG --exists --print-errors "pciaccess >= 0.8.0"
configure:18665: $? = 0
configure:18723: result: yes
configure:18846: checking that generated files are newer than configure
configure:18852: result: done
configure:18883: creating ./config.status

## ---------------------- ##
## Running config.status. ##
## ---------------------- ##

This file was extended by xf86-video-neomagic config.status 1.3.0, which was
generated by GNU Autoconf 2.69.  Invocation command line was

  CONFIG_FILES    = 
  CONFIG_HEADERS  = 
  CONFIG_LINKS    = 
  CONFIG_COMMANDS = 
  $ ./config.status 

on technitium

config.status:1132: creating Makefile
config.status:1132: creating src/Makefile
config.status:1132: creating man/Makefile
config.status:1132: creating config.h
config.status:1361: executing depfiles commands
config.status:1361: executing libtool commands

## ---------------- ##
## Cache variables. ##
## ---------------- ##

ac_cv_build=i686-pc-linux-gnu
ac_cv_c_compiler_gnu=yes
ac_cv_env_CC_set=
ac_cv_env_CC_value=
ac_cv_env_CFLAGS_set=
ac_cv_env_CFLAGS_value=
ac_cv_env_CPPFLAGS_set=
ac_cv_env_CPPFLAGS_value=
ac_cv_env_CPP_set=
ac_cv_env_CPP_value=
ac_cv_env_LDFLAGS_set=
ac_cv_env_LDFLAGS_value=
ac_cv_env_LIBS_set=
ac_cv_env_LIBS_value=
ac_cv_env_LT_SYS_LIBRARY_PATH_set=
ac_cv_env_LT_SYS_LIBRARY_PATH_value=
ac_cv_env_PCIACCESS_CFLAGS_set=
ac_cv_env_PCIACCESS_CFLAGS_value=
ac_cv_env_PCIACCESS_LIBS_set=
ac_cv_env_PCIACCESS_LIBS_value=
ac_cv_env_PKG_CONFIG_LIBDIR_set=
ac_cv_env_PKG_CONFIG_LIBDIR_value=
ac_cv_env_PKG_CONFIG_PATH_set=
ac_cv_env_PKG_CONFIG_PATH_value=
ac_cv_env_PKG_CONFIG_set=
ac_cv_env_PKG_CONFIG_value=
ac_cv_env_XORG_CFLAGS_set=
ac_cv_env_XORG_CFLAGS_value=
ac_cv_env_XORG_LIBS_set=
ac_cv_env_XORG_LIBS_value=
ac_cv_env_build_alias_set=
ac_cv_env_build_alias_value=
ac_cv_env_host_alias_set=
ac_cv_env_host_alias_value=
ac_cv_env_target_alias_set=
ac_cv_env_target_alias_value=
ac_cv_have_decl_XSERVER_LIBPCIACCESS=yes
ac_cv_have_decl___INTEL_COMPILER=no
ac_cv_have_decl___SUNPRO_C=no
ac_cv_have_decl___clang__=no
ac_cv_have_decl_xf86ConfigIsaEntity=no
ac_cv_header_dlfcn_h=yes
ac_cv_header_inttypes_h=yes
ac_cv_header_memory_h=yes
ac_cv_header_stdc=yes
ac_cv_header_stdint_h=yes
ac_cv_header_stdlib_h=yes
ac_cv_header_string_h=yes
ac_cv_header_strings_h=yes
ac_cv_header_sys_stat_h=yes
ac_cv_header_sys_types_h=yes
ac_cv_header_unistd_h=yes
ac_cv_header_xaa_h=no
ac_cv_host=i686-pc-linux-gnu
ac_cv_objext=o
ac_cv_path_EGREP='/usr/bin/grep -E'
ac_cv_path_FGREP='/usr/bin/grep -F'
ac_cv_path_GREP=/usr/bin/grep
ac_cv_path_SED=/usr/bin/sed
ac_cv_path_ac_pt_PKG_CONFIG=/usr/bin/pkg-config
ac_cv_path_install='/usr/bin/install -c'
ac_cv_path_lt_DD=/usr/bin/dd
ac_cv_path_mkdir=/usr/bin/mkdir
ac_cv_prog_AWK=gawk
ac_cv_prog_CPP='gcc -E'
ac_cv_prog_ac_ct_AR=ar
ac_cv_prog_ac_ct_CC=gcc
ac_cv_prog_ac_ct_OBJDUMP=objdump
ac_cv_prog_ac_ct_RANLIB=ranlib
ac_cv_prog_ac_ct_STRIP=strip
ac_cv_prog_cc_c89=
ac_cv_prog_cc_c99=
ac_cv_prog_cc_g=yes
ac_cv_prog_make_make_set=yes
am_cv_CC_dependencies_compiler_type=gcc3
am_cv_make_support_nested_variables=yes
am_cv_prog_cc_c_o=yes
lt_cv_ar_at_file=@
lt_cv_archive_cmds_need_lc=no
lt_cv_deplibs_check_method=pass_all
lt_cv_file_magic_cmd='$MAGIC_CMD'
lt_cv_file_magic_test_file=
lt_cv_ld_reload_flag=-r
lt_cv_nm_interface='BSD nm'
lt_cv_objdir=.libs
lt_cv_path_LD=/usr/bin/ld
lt_cv_path_NM='/usr/bin/nm -B'
lt_cv_path_mainfest_tool=no
lt_cv_prog_compiler_c_o=yes
lt_cv_prog_compiler_pic='-fPIC -DPIC'
lt_cv_prog_compiler_pic_works=yes
lt_cv_prog_compiler_rtti_exceptions=no
lt_cv_prog_compiler_static_works=yes
lt_cv_prog_gnu_ld=yes
lt_cv_sharedlib_from_linklib_cmd='printf %s\n'
lt_cv_shlibpath_overrides_runpath=yes
lt_cv_sys_global_symbol_pipe='sed -n -e '\''s/^.*[	 ]\([ABCDGIRSTW][ABCDGIRSTW]*\)[	 ][	 ]*\([_A-Za-z][_A-Za-z0-9]*\)$/\1 \2 \2/p'\'' | sed '\''/ __gnu_lto/d'\'''
lt_cv_sys_global_symbol_to_c_name_address='sed -n -e '\''s/^: \(.*\) .*$/  {"\1", (void *) 0},/p'\'' -e '\''s/^[ABCDGIRSTW][ABCDGIRSTW]* .* \(.*\)$/  {"\1", (void *) \&\1},/p'\'''
lt_cv_sys_global_symbol_to_c_name_address_lib_prefix='sed -n -e '\''s/^: \(.*\) .*$/  {"\1", (void *) 0},/p'\'' -e '\''s/^[ABCDGIRSTW][ABCDGIRSTW]* .* \(lib.*\)$/  {"\1", (void *) \&\1},/p'\'' -e '\''s/^[ABCDGIRSTW][ABCDGIRSTW]* .* \(.*\)$/  {"lib\1", (void *) \&\1},/p'\'''
lt_cv_sys_global_symbol_to_cdecl='sed -n -e '\''s/^T .* \(.*\)$/extern int \1();/p'\'' -e '\''s/^[ABCDGIRSTW][ABCDGIRSTW]* .* \(.*\)$/extern char \1;/p'\'''
lt_cv_sys_global_symbol_to_import=
lt_cv_sys_max_cmd_len=1572864
lt_cv_to_host_file_cmd=func_convert_file_noop
lt_cv_to_tool_file_cmd=func_convert_file_noop
lt_cv_truncate_bin='/usr/bin/dd bs=4096 count=1'
pkg_cv_PCIACCESS_CFLAGS=
pkg_cv_PCIACCESS_LIBS='-lpciaccess '
pkg_cv_XORG_CFLAGS='-I/usr/include/xorg -fvisibility=hidden -I/usr/include/pixman-1 '
pkg_cv_XORG_LIBS=
xorg_cv_cc_flag__Wall=yes
xorg_cv_cc_flag__Wbad_function_cast=yes
xorg_cv_cc_flag__Wdeclaration_after_statement=yes
xorg_cv_cc_flag__Werror=yes
xorg_cv_cc_flag__Werror_address=yes
xorg_cv_cc_flag__Werror_array_bounds=yes
xorg_cv_cc_flag__Werror_attributes=yes
xorg_cv_cc_flag__Werror_implicit=yes
xorg_cv_cc_flag__Werror_init_self=yes
xorg_cv_cc_flag__Werror_int_to_pointer_cast=yes
xorg_cv_cc_flag__Werror_main=yes
xorg_cv_cc_flag__Werror_missing_braces=yes
xorg_cv_cc_flag__Werror_nonnull=yes
xorg_cv_cc_flag__Werror_pointer_to_int_cast=yes
xorg_cv_cc_flag__Werror_return_type=yes
xorg_cv_cc_flag__Werror_sequence_point=yes
xorg_cv_cc_flag__Werror_trigraphs=yes
xorg_cv_cc_flag__Werror_write_strings=yes
xorg_cv_cc_flag__Wformat_2=yes
xorg_cv_cc_flag__Wlogical_op=yes
xorg_cv_cc_flag__Wmissing_declarations=yes
xorg_cv_cc_flag__Wmissing_format_attribute=yes
xorg_cv_cc_flag__Wmissing_noreturn=yes
xorg_cv_cc_flag__Wmissing_prototypes=yes
xorg_cv_cc_flag__Wnested_externs=yes
xorg_cv_cc_flag__Wold_style_definition=yes
xorg_cv_cc_flag__Wpointer_arith=yes
xorg_cv_cc_flag__Wredundant_decls=yes
xorg_cv_cc_flag__Wshadow=yes
xorg_cv_cc_flag__Wstrict_prototypes=yes
xorg_cv_cc_flag__Wuninitialized=yes
xorg_cv_cc_flag__Wunused=yes
xorg_cv_cc_flag__pedantic=yes
xorg_cv_cc_flag_unknown_warning_option=no
xorg_cv_cc_flag_unused_command_line_argument=no

## ----------------- ##
## Output variables. ##
## ----------------- ##

ACLOCAL='${SHELL} /home/xircon/xf86-video-neomagic/src/xf86-video-neomagic-1.3.0/missing aclocal-1.15'
ADMIN_MAN_DIR='$(mandir)/man$(ADMIN_MAN_SUFFIX)'
ADMIN_MAN_SUFFIX='8'
AMDEPBACKSLASH='\'
AMDEP_FALSE='#'
AMDEP_TRUE=''
AMTAR='$${TAR-tar}'
AM_BACKSLASH='\'
AM_DEFAULT_V='$(AM_DEFAULT_VERBOSITY)'
AM_DEFAULT_VERBOSITY='0'
AM_V='$(V)'
APP_MAN_DIR='$(mandir)/man$(APP_MAN_SUFFIX)'
APP_MAN_SUFFIX='1'
AR='ar'
AUTOCONF='${SHELL} /home/xircon/xf86-video-neomagic/src/xf86-video-neomagic-1.3.0/missing autoconf'
AUTOHEADER='${SHELL} /home/xircon/xf86-video-neomagic/src/xf86-video-neomagic-1.3.0/missing autoheader'
AUTOMAKE='${SHELL} /home/xircon/xf86-video-neomagic/src/xf86-video-neomagic-1.3.0/missing automake-1.15'
AWK='gawk'
BASE_CFLAGS=' -Wall -Wpointer-arith -Wmissing-declarations -Wformat=2 -Wstrict-prototypes -Wmissing-prototypes -Wnested-externs -Wbad-function-cast -Wold-style-definition -Wdeclaration-after-statement -Wunused -Wuninitialized -Wshadow -Wmissing-noreturn -Wmissing-format-attribute -Wredundant-decls -Wlogical-op -Werror=implicit -Werror=nonnull -Werror=init-self -Werror=main -Werror=missing-braces -Werror=sequence-point -Werror=return-type -Werror=trigraphs -Werror=array-bounds -Werror=write-strings -Werror=address -Werror=int-to-pointer-cast -Werror=pointer-to-int-cast'
CC='gcc'
CCDEPMODE='depmode=gcc3'
CFLAGS='-g -O2'
CHANGELOG_CMD='(GIT_DIR=$(top_srcdir)/.git git log > $(top_srcdir)/.changelog.tmp && mv $(top_srcdir)/.changelog.tmp $(top_srcdir)/ChangeLog) || (rm -f $(top_srcdir)/.changelog.tmp; touch $(top_srcdir)/ChangeLog; echo '\''git directory not found: installing possibly empty changelog.'\'' >&2)'
CPP='gcc -E'
CPPFLAGS=''
CWARNFLAGS=' -Wall -Wpointer-arith -Wmissing-declarations -Wformat=2 -Wstrict-prototypes -Wmissing-prototypes -Wnested-externs -Wbad-function-cast -Wold-style-definition -Wdeclaration-after-statement -Wunused -Wuninitialized -Wshadow -Wmissing-noreturn -Wmissing-format-attribute -Wredundant-decls -Wlogical-op -Werror=implicit -Werror=nonnull -Werror=init-self -Werror=main -Werror=missing-braces -Werror=sequence-point -Werror=return-type -Werror=trigraphs -Werror=array-bounds -Werror=write-strings -Werror=address -Werror=int-to-pointer-cast -Werror=pointer-to-int-cast -fno-strict-aliasing'
CYGPATH_W='echo'
DEFS='-DHAVE_CONFIG_H'
DEPDIR='.deps'
DLLTOOL='false'
DRIVER_MAN_DIR='$(mandir)/man$(DRIVER_MAN_SUFFIX)'
DRIVER_MAN_SUFFIX='4'
DRIVER_NAME='neomagic'
DSYMUTIL=''
DUMPBIN=''
ECHO_C=''
ECHO_N='-n'
ECHO_T=''
EGREP='/usr/bin/grep -E'
EXEEXT=''
FGREP='/usr/bin/grep -F'
FILE_MAN_DIR='$(mandir)/man$(FILE_MAN_SUFFIX)'
FILE_MAN_SUFFIX='5'
GREP='/usr/bin/grep'
INSTALL_CMD='(cp -f /usr/share/util-macros/INSTALL $(top_srcdir)/.INSTALL.tmp && mv $(top_srcdir)/.INSTALL.tmp $(top_srcdir)/INSTALL) || (rm -f $(top_srcdir)/.INSTALL.tmp; touch $(top_srcdir)/INSTALL; echo '\''util-macros "pkgdatadir" from xorg-macros.pc not found: installing possibly empty INSTALL.'\'' >&2)'
INSTALL_DATA='${INSTALL} -m 644'
INSTALL_PROGRAM='${INSTALL}'
INSTALL_SCRIPT='${INSTALL}'
INSTALL_STRIP_PROGRAM='$(install_sh) -c -s'
LD='/usr/bin/ld'
LDFLAGS=''
LIBOBJS=''
LIBS=''
LIBTOOL='$(SHELL) $(top_builddir)/libtool'
LIB_MAN_DIR='$(mandir)/man$(LIB_MAN_SUFFIX)'
LIB_MAN_SUFFIX='3'
LIPO=''
LN_S='ln -s'
LTLIBOBJS=''
LT_SYS_LIBRARY_PATH=''
MAKEINFO='${SHELL} /home/xircon/xf86-video-neomagic/src/xf86-video-neomagic-1.3.0/missing makeinfo'
MANIFEST_TOOL=':'
MAN_SUBSTS='	-e '\''s|__vendorversion__|"$(PACKAGE_STRING)" "$(XORG_MAN_PAGE)"|'\'' 	-e '\''s|__xorgversion__|"$(PACKAGE_STRING)" "$(XORG_MAN_PAGE)"|'\'' 	-e '\''s|__xservername__|Xorg|g'\'' 	-e '\''s|__xconfigfile__|xorg.conf|g'\'' 	-e '\''s|__projectroot__|$(prefix)|g'\'' 	-e '\''s|__apploaddir__|$(appdefaultdir)|g'\'' 	-e '\''s|__appmansuffix__|$(APP_MAN_SUFFIX)|g'\'' 	-e '\''s|__drivermansuffix__|$(DRIVER_MAN_SUFFIX)|g'\'' 	-e '\''s|__adminmansuffix__|$(ADMIN_MAN_SUFFIX)|g'\'' 	-e '\''s|__libmansuffix__|$(LIB_MAN_SUFFIX)|g'\'' 	-e '\''s|__miscmansuffix__|$(MISC_MAN_SUFFIX)|g'\'' 	-e '\''s|__filemansuffix__|$(FILE_MAN_SUFFIX)|g'\'''
MISC_MAN_DIR='$(mandir)/man$(MISC_MAN_SUFFIX)'
MISC_MAN_SUFFIX='7'
MKDIR_P='/usr/bin/mkdir -p'
NM='/usr/bin/nm -B'
NMEDIT=''
OBJDUMP='objdump'
OBJEXT='o'
OTOOL64=''
OTOOL=''
PACKAGE='xf86-video-neomagic'
PACKAGE_BUGREPORT='https://gitlab.freedesktop.org/xorg/driver/xf86-video-neomagic/issues'
PACKAGE_NAME='xf86-video-neomagic'
PACKAGE_STRING='xf86-video-neomagic 1.3.0'
PACKAGE_TARNAME='xf86-video-neomagic'
PACKAGE_URL=''
PACKAGE_VERSION='1.3.0'
PATH_SEPARATOR=':'
PCIACCESS_CFLAGS=''
PCIACCESS_LIBS='-lpciaccess '
PKG_CONFIG='/usr/bin/pkg-config'
PKG_CONFIG_LIBDIR=''
PKG_CONFIG_PATH=''
RANLIB='ranlib'
SED='/usr/bin/sed'
SET_MAKE=''
SHELL='/bin/sh'
STRICT_CFLAGS=' -pedantic -Werror -Werror=attributes'
STRIP='strip'
VERSION='1.3.0'
XAA_FALSE=''
XAA_TRUE='#'
XORG_CFLAGS='-I/usr/include/xorg -fvisibility=hidden -I/usr/include/pixman-1  '
XORG_LIBS=''
XORG_MAN_PAGE='X Version 11'
XSERVER_LIBPCIACCESS_FALSE='#'
XSERVER_LIBPCIACCESS_TRUE=''
ac_ct_AR='ar'
ac_ct_CC='gcc'
ac_ct_DUMPBIN=''
am__EXEEXT_FALSE=''
am__EXEEXT_TRUE='#'
am__fastdepCC_FALSE='#'
am__fastdepCC_TRUE=''
am__include='include'
am__isrc=''
am__leading_dot='.'
am__nodep='_no'
am__quote=''
am__tar='$${TAR-tar} chof - "$$tardir"'
am__untar='$${TAR-tar} xf -'
bindir='${exec_prefix}/bin'
build='i686-pc-linux-gnu'
build_alias=''
build_cpu='i686'
build_os='linux-gnu'
build_vendor='pc'
datadir='${datarootdir}'
datarootdir='${prefix}/share'
docdir='${datarootdir}/doc/${PACKAGE_TARNAME}'
dvidir='${docdir}'
exec_prefix='${prefix}'
host='i686-pc-linux-gnu'
host_alias=''
host_cpu='i686'
host_os='linux-gnu'
host_vendor='pc'
htmldir='${docdir}'
includedir='${prefix}/include'
infodir='${datarootdir}/info'
install_sh='${SHELL} /home/xircon/xf86-video-neomagic/src/xf86-video-neomagic-1.3.0/install-sh'
libdir='${exec_prefix}/lib'
libexecdir='${exec_prefix}/libexec'
localedir='${datarootdir}/locale'
localstatedir='${prefix}/var'
mandir='${datarootdir}/man'
mkdir_p='$(MKDIR_P)'
moduledir='${exec_prefix}/lib/xorg/modules'
oldincludedir='/usr/include'
pdfdir='${docdir}'
prefix='/usr'
program_transform_name='s,x,x,'
psdir='${docdir}'
runstatedir='${localstatedir}/run'
sbindir='${exec_prefix}/sbin'
sharedstatedir='${prefix}/com'
sysconfdir='${prefix}/etc'
target_alias=''

## ----------- ##
## confdefs.h. ##
## ----------- ##

/* confdefs.h */
#define PACKAGE_NAME "xf86-video-neomagic"
#define PACKAGE_TARNAME "xf86-video-neomagic"
#define PACKAGE_VERSION "1.3.0"
#define PACKAGE_STRING "xf86-video-neomagic 1.3.0"
#define PACKAGE_BUGREPORT "https://gitlab.freedesktop.org/xorg/driver/xf86-video-neomagic/issues"
#define PACKAGE_URL ""
#define PACKAGE "xf86-video-neomagic"
#define VERSION "1.3.0"
#define STDC_HEADERS 1
#define HAVE_SYS_TYPES_H 1
#define HAVE_SYS_STAT_H 1
#define HAVE_STDLIB_H 1
#define HAVE_STRING_H 1
#define HAVE_MEMORY_H 1
#define HAVE_STRINGS_H 1
#define HAVE_INTTYPES_H 1
#define HAVE_STDINT_H 1
#define HAVE_UNISTD_H 1
#define PACKAGE_VERSION_MAJOR 1
#define PACKAGE_VERSION_MINOR 3
#define PACKAGE_VERSION_PATCHLEVEL 0
#define HAVE_DLFCN_H 1
#define LT_OBJDIR ".libs/"

configure: exit 0
